The system is: Linux - 4.4.5-1-ARCH - x86_64
Compiling the C compiler identification source file "CMakeCCompilerId.c" succeeded.
Compiler: /usr/bin/cc 
Build flags: 
Id flags: 

The output was:
0


Compilation of the C compiler identification source "CMakeCCompilerId.c" produced "a.out"

The C compiler identification is GNU, found in "/home/supe4781/programmiersprachen-blatt-1/build/CMakeFiles/3.4.1/CompilerIdC/a.out"

Compiling the CXX compiler identification source file "CMakeCXXCompilerId.cpp" succeeded.
Compiler: /usr/bin/c++ 
Build flags: 
Id flags: 

The output was:
0


Compilation of the CXX compiler identification source "CMakeCXXCompilerId.cpp" produced "a.out"

The CXX compiler identification is GNU, found in "/home/supe4781/programmiersprachen-blatt-1/build/CMakeFiles/3.4.1/CompilerIdCXX/a.out"

Determining if the C compiler works passed with the following output:
Change Dir: /home/supe4781/programmiersprachen-blatt-1/build/CMakeFiles/CMakeTmp

Run Build Command:"/usr/bin/make" "cmTC_877e8/fast"
/usr/bin/make -f CMakeFiles/cmTC_877e8.dir/build.make CMakeFiles/cmTC_877e8.dir/build
make[1]: Verzeichnis „/home/supe4781/programmiersprachen-blatt-1/build/CMakeFiles/CMakeTmp“ wird betreten
Building C object CMakeFiles/cmTC_877e8.dir/testCCompiler.c.o
/usr/bin/cc     -o CMakeFiles/cmTC_877e8.dir/testCCompiler.c.o   -c /home/supe4781/programmiersprachen-blatt-1/build/CMakeFiles/CMakeTmp/testCCompiler.c
Linking C executable cmTC_877e8
/usr/bin/cmake -E cmake_link_script CMakeFiles/cmTC_877e8.dir/link.txt --verbose=1
/usr/bin/cc       CMakeFiles/cmTC_877e8.dir/testCCompiler.c.o  -o cmTC_877e8 -rdynamic 
make[1]: Verzeichnis „/home/supe4781/programmiersprachen-blatt-1/build/CMakeFiles/CMakeTmp“ wird verlassen


Detecting C compiler ABI info compiled with the following output:
Change Dir: /home/supe4781/programmiersprachen-blatt-1/build/CMakeFiles/CMakeTmp

Run Build Command:"/usr/bin/make" "cmTC_5c0ba/fast"
/usr/bin/make -f CMakeFiles/cmTC_5c0ba.dir/build.make CMakeFiles/cmTC_5c0ba.dir/build
make[1]: Verzeichnis „/home/supe4781/programmiersprachen-blatt-1/build/CMakeFiles/CMakeTmp“ wird betreten
Building C object CMakeFiles/cmTC_5c0ba.dir/CMakeCCompilerABI.c.o
/usr/bin/cc     -o CMakeFiles/cmTC_5c0ba.dir/CMakeCCompilerABI.c.o   -c /usr/share/cmake-3.4/Modules/CMakeCCompilerABI.c
Linking C executable cmTC_5c0ba
/usr/bin/cmake -E cmake_link_script CMakeFiles/cmTC_5c0ba.dir/link.txt --verbose=1
/usr/bin/cc      -v CMakeFiles/cmTC_5c0ba.dir/CMakeCCompilerABI.c.o  -o cmTC_5c0ba -rdynamic  
Es werden eingebaute Spezifikationen verwendet.
COLLECT_GCC=/usr/bin/cc
COLLECT_LTO_WRAPPER=/usr/lib/gcc/x86_64-unknown-linux-gnu/5.3.0/lto-wrapper
Ziel: x86_64-unknown-linux-gnu
Konfiguriert mit: /build/gcc/src/gcc-5.3.0/configure --prefix=/usr --libdir=/usr/lib --libexecdir=/usr/lib --mandir=/usr/share/man --infodir=/usr/share/info --with-bugurl=https://bugs.archlinux.org/ --enable-languages=c,c++,ada,fortran,go,lto,objc,obj-c++ --enable-shared --enable-threads=posix --enable-libmpx --with-system-zlib --with-isl --enable-__cxa_atexit --disable-libunwind-exceptions --enable-clocale=gnu --disable-libstdcxx-pch --disable-libssp --enable-gnu-unique-object --enable-linker-build-id --enable-lto --enable-plugin --enable-install-libiberty --with-linker-hash-style=gnu --enable-gnu-indirect-function --disable-multilib --disable-werror --enable-checking=release
Thread-Modell: posix
gcc-Version 5.3.0 (GCC) 
COMPILER_PATH=/usr/lib/gcc/x86_64-unknown-linux-gnu/5.3.0/:/usr/lib/gcc/x86_64-unknown-linux-gnu/5.3.0/:/usr/lib/gcc/x86_64-unknown-linux-gnu/:/usr/lib/gcc/x86_64-unknown-linux-gnu/5.3.0/:/usr/lib/gcc/x86_64-unknown-linux-gnu/
LIBRARY_PATH=/usr/lib/gcc/x86_64-unknown-linux-gnu/5.3.0/:/usr/lib/gcc/x86_64-unknown-linux-gnu/5.3.0/../../../../lib/:/lib/../lib/:/usr/lib/../lib/:/opt/intel/composerxe/compiler/lib/intel64/:/opt/intel/composerxe/ipp/../compiler/lib/intel64/:/opt/intel/composerxe/ipp/lib/intel64/:/opt/intel/composerxe/compiler/lib/intel64/:/opt/intel/composerxe/mkl/lib/intel64/:/opt/intel/composerxe/tbb/lib/intel64/gcc4.1/:/usr/lib/gcc/x86_64-unknown-linux-gnu/5.3.0/../../../:/lib/:/usr/lib/
COLLECT_GCC_OPTIONS='-v' '-o' 'cmTC_5c0ba' '-rdynamic' '-mtune=generic' '-march=x86-64'
 /usr/lib/gcc/x86_64-unknown-linux-gnu/5.3.0/collect2 -plugin /usr/lib/gcc/x86_64-unknown-linux-gnu/5.3.0/liblto_plugin.so -plugin-opt=/usr/lib/gcc/x86_64-unknown-linux-gnu/5.3.0/lto-wrapper -plugin-opt=-fresolution=/tmp/cc9Xu6qI.res -plugin-opt=-pass-through=-lgcc -plugin-opt=-pass-through=-lgcc_s -plugin-opt=-pass-through=-lc -plugin-opt=-pass-through=-lgcc -plugin-opt=-pass-through=-lgcc_s --build-id --eh-frame-hdr --hash-style=gnu -m elf_x86_64 -export-dynamic -dynamic-linker /lib64/ld-linux-x86-64.so.2 -o cmTC_5c0ba /usr/lib/gcc/x86_64-unknown-linux-gnu/5.3.0/../../../../lib/crt1.o /usr/lib/gcc/x86_64-unknown-linux-gnu/5.3.0/../../../../lib/crti.o /usr/lib/gcc/x86_64-unknown-linux-gnu/5.3.0/crtbegin.o -L/usr/lib/gcc/x86_64-unknown-linux-gnu/5.3.0 -L/usr/lib/gcc/x86_64-unknown-linux-gnu/5.3.0/../../../../lib -L/lib/../lib -L/usr/lib/../lib -L/opt/intel/composerxe/compiler/lib/intel64 -L/opt/intel/composerxe/ipp/../compiler/lib/intel64 -L/opt/intel/composerxe/ipp/lib/intel64 -L/opt/intel/composerxe/compiler/lib/intel64 -L/opt/intel/composerxe/mkl/lib/intel64 -L/opt/intel/composerxe/tbb/lib/intel64/gcc4.1 -L/usr/lib/gcc/x86_64-unknown-linux-gnu/5.3.0/../../.. CMakeFiles/cmTC_5c0ba.dir/CMakeCCompilerABI.c.o -lgcc --as-needed -lgcc_s --no-as-needed -lc -lgcc --as-needed -lgcc_s --no-as-needed /usr/lib/gcc/x86_64-unknown-linux-gnu/5.3.0/crtend.o /usr/lib/gcc/x86_64-unknown-linux-gnu/5.3.0/../../../../lib/crtn.o
make[1]: Verzeichnis „/home/supe4781/programmiersprachen-blatt-1/build/CMakeFiles/CMakeTmp“ wird verlassen


Parsed C implicit link information from above output:
  link line regex: [^( *|.*[/\])(ld|([^/\]+-)?ld|collect2)[^/\]*( |$)]
  ignore line: [Change Dir: /home/supe4781/programmiersprachen-blatt-1/build/CMakeFiles/CMakeTmp]
  ignore line: []
  ignore line: [Run Build Command:"/usr/bin/make" "cmTC_5c0ba/fast"]
  ignore line: [/usr/bin/make -f CMakeFiles/cmTC_5c0ba.dir/build.make CMakeFiles/cmTC_5c0ba.dir/build]
  ignore line: [make[1]: Verzeichnis „/home/supe4781/programmiersprachen-blatt-1/build/CMakeFiles/CMakeTmp“ wird betreten]
  ignore line: [Building C object CMakeFiles/cmTC_5c0ba.dir/CMakeCCompilerABI.c.o]
  ignore line: [/usr/bin/cc     -o CMakeFiles/cmTC_5c0ba.dir/CMakeCCompilerABI.c.o   -c /usr/share/cmake-3.4/Modules/CMakeCCompilerABI.c]
  ignore line: [Linking C executable cmTC_5c0ba]
  ignore line: [/usr/bin/cmake -E cmake_link_script CMakeFiles/cmTC_5c0ba.dir/link.txt --verbose=1]
  ignore line: [/usr/bin/cc      -v CMakeFiles/cmTC_5c0ba.dir/CMakeCCompilerABI.c.o  -o cmTC_5c0ba -rdynamic  ]
  ignore line: [Es werden eingebaute Spezifikationen verwendet.]
  ignore line: [COLLECT_GCC=/usr/bin/cc]
  ignore line: [COLLECT_LTO_WRAPPER=/usr/lib/gcc/x86_64-unknown-linux-gnu/5.3.0/lto-wrapper]
  ignore line: [Ziel: x86_64-unknown-linux-gnu]
  ignore line: [Konfiguriert mit: /build/gcc/src/gcc-5.3.0/configure --prefix=/usr --libdir=/usr/lib --libexecdir=/usr/lib --mandir=/usr/share/man --infodir=/usr/share/info --with-bugurl=https://bugs.archlinux.org/ --enable-languages=c,c++,ada,fortran,go,lto,objc,obj-c++ --enable-shared --enable-threads=posix --enable-libmpx --with-system-zlib --with-isl --enable-__cxa_atexit --disable-libunwind-exceptions --enable-clocale=gnu --disable-libstdcxx-pch --disable-libssp --enable-gnu-unique-object --enable-linker-build-id --enable-lto --enable-plugin --enable-install-libiberty --with-linker-hash-style=gnu --enable-gnu-indirect-function --disable-multilib --disable-werror --enable-checking=release]
  ignore line: [Thread-Modell: posix]
  ignore line: [gcc-Version 5.3.0 (GCC) ]
  ignore line: [COMPILER_PATH=/usr/lib/gcc/x86_64-unknown-linux-gnu/5.3.0/:/usr/lib/gcc/x86_64-unknown-linux-gnu/5.3.0/:/usr/lib/gcc/x86_64-unknown-linux-gnu/:/usr/lib/gcc/x86_64-unknown-linux-gnu/5.3.0/:/usr/lib/gcc/x86_64-unknown-linux-gnu/]
  ignore line: [LIBRARY_PATH=/usr/lib/gcc/x86_64-unknown-linux-gnu/5.3.0/:/usr/lib/gcc/x86_64-unknown-linux-gnu/5.3.0/../../../../lib/:/lib/../lib/:/usr/lib/../lib/:/opt/intel/composerxe/compiler/lib/intel64/:/opt/intel/composerxe/ipp/../compiler/lib/intel64/:/opt/intel/composerxe/ipp/lib/intel64/:/opt/intel/composerxe/compiler/lib/intel64/:/opt/intel/composerxe/mkl/lib/intel64/:/opt/intel/composerxe/tbb/lib/intel64/gcc4.1/:/usr/lib/gcc/x86_64-unknown-linux-gnu/5.3.0/../../../:/lib/:/usr/lib/]
  ignore line: [COLLECT_GCC_OPTIONS='-v' '-o' 'cmTC_5c0ba' '-rdynamic' '-mtune=generic' '-march=x86-64']
  link line: [ /usr/lib/gcc/x86_64-unknown-linux-gnu/5.3.0/collect2 -plugin /usr/lib/gcc/x86_64-unknown-linux-gnu/5.3.0/liblto_plugin.so -plugin-opt=/usr/lib/gcc/x86_64-unknown-linux-gnu/5.3.0/lto-wrapper -plugin-opt=-fresolution=/tmp/cc9Xu6qI.res -plugin-opt=-pass-through=-lgcc -plugin-opt=-pass-through=-lgcc_s -plugin-opt=-pass-through=-lc -plugin-opt=-pass-through=-lgcc -plugin-opt=-pass-through=-lgcc_s --build-id --eh-frame-hdr --hash-style=gnu -m elf_x86_64 -export-dynamic -dynamic-linker /lib64/ld-linux-x86-64.so.2 -o cmTC_5c0ba /usr/lib/gcc/x86_64-unknown-linux-gnu/5.3.0/../../../../lib/crt1.o /usr/lib/gcc/x86_64-unknown-linux-gnu/5.3.0/../../../../lib/crti.o /usr/lib/gcc/x86_64-unknown-linux-gnu/5.3.0/crtbegin.o -L/usr/lib/gcc/x86_64-unknown-linux-gnu/5.3.0 -L/usr/lib/gcc/x86_64-unknown-linux-gnu/5.3.0/../../../../lib -L/lib/../lib -L/usr/lib/../lib -L/opt/intel/composerxe/compiler/lib/intel64 -L/opt/intel/composerxe/ipp/../compiler/lib/intel64 -L/opt/intel/composerxe/ipp/lib/intel64 -L/opt/intel/composerxe/compiler/lib/intel64 -L/opt/intel/composerxe/mkl/lib/intel64 -L/opt/intel/composerxe/tbb/lib/intel64/gcc4.1 -L/usr/lib/gcc/x86_64-unknown-linux-gnu/5.3.0/../../.. CMakeFiles/cmTC_5c0ba.dir/CMakeCCompilerABI.c.o -lgcc --as-needed -lgcc_s --no-as-needed -lc -lgcc --as-needed -lgcc_s --no-as-needed /usr/lib/gcc/x86_64-unknown-linux-gnu/5.3.0/crtend.o /usr/lib/gcc/x86_64-unknown-linux-gnu/5.3.0/../../../../lib/crtn.o]
    arg [/usr/lib/gcc/x86_64-unknown-linux-gnu/5.3.0/collect2] ==> ignore
    arg [-plugin] ==> ignore
    arg [/usr/lib/gcc/x86_64-unknown-linux-gnu/5.3.0/liblto_plugin.so] ==> ignore
    arg [-plugin-opt=/usr/lib/gcc/x86_64-unknown-linux-gnu/5.3.0/lto-wrapper] ==> ignore
    arg [-plugin-opt=-fresolution=/tmp/cc9Xu6qI.res] ==> ignore
    arg [-plugin-opt=-pass-through=-lgcc] ==> ignore
    arg [-plugin-opt=-pass-through=-lgcc_s] ==> ignore
    arg [-plugin-opt=-pass-through=-lc] ==> ignore
    arg [-plugin-opt=-pass-through=-lgcc] ==> ignore
    arg [-plugin-opt=-pass-through=-lgcc_s] ==> ignore
    arg [--build-id] ==> ignore
    arg [--eh-frame-hdr] ==> ignore
    arg [--hash-style=gnu] ==> ignore
    arg [-m] ==> ignore
    arg [elf_x86_64] ==> ignore
    arg [-export-dynamic] ==> ignore
    arg [-dynamic-linker] ==> ignore
    arg [/lib64/ld-linux-x86-64.so.2] ==> ignore
    arg [-o] ==> ignore
    arg [cmTC_5c0ba] ==> ignore
    arg [/usr/lib/gcc/x86_64-unknown-linux-gnu/5.3.0/../../../../lib/crt1.o] ==> ignore
    arg [/usr/lib/gcc/x86_64-unknown-linux-gnu/5.3.0/../../../../lib/crti.o] ==> ignore
    arg [/usr/lib/gcc/x86_64-unknown-linux-gnu/5.3.0/crtbegin.o] ==> ignore
    arg [-L/usr/lib/gcc/x86_64-unknown-linux-gnu/5.3.0] ==> dir [/usr/lib/gcc/x86_64-unknown-linux-gnu/5.3.0]
    arg [-L/usr/lib/gcc/x86_64-unknown-linux-gnu/5.3.0/../../../../lib] ==> dir [/usr/lib/gcc/x86_64-unknown-linux-gnu/5.3.0/../../../../lib]
    arg [-L/lib/../lib] ==> dir [/lib/../lib]
    arg [-L/usr/lib/../lib] ==> dir [/usr/lib/../lib]
    arg [-L/opt/intel/composerxe/compiler/lib/intel64] ==> dir [/opt/intel/composerxe/compiler/lib/intel64]
    arg [-L/opt/intel/composerxe/ipp/../compiler/lib/intel64] ==> dir [/opt/intel/composerxe/ipp/../compiler/lib/intel64]
    arg [-L/opt/intel/composerxe/ipp/lib/intel64] ==> dir [/opt/intel/composerxe/ipp/lib/intel64]
    arg [-L/opt/intel/composerxe/compiler/lib/intel64] ==> dir [/opt/intel/composerxe/compiler/lib/intel64]
    arg [-L/opt/intel/composerxe/mkl/lib/intel64] ==> dir [/opt/intel/composerxe/mkl/lib/intel64]
    arg [-L/opt/intel/composerxe/tbb/lib/intel64/gcc4.1] ==> dir [/opt/intel/composerxe/tbb/lib/intel64/gcc4.1]
    arg [-L/usr/lib/gcc/x86_64-unknown-linux-gnu/5.3.0/../../..] ==> dir [/usr/lib/gcc/x86_64-unknown-linux-gnu/5.3.0/../../..]
    arg [CMakeFiles/cmTC_5c0ba.dir/CMakeCCompilerABI.c.o] ==> ignore
    arg [-lgcc] ==> lib [gcc]
    arg [--as-needed] ==> ignore
    arg [-lgcc_s] ==> lib [gcc_s]
    arg [--no-as-needed] ==> ignore
    arg [-lc] ==> lib [c]
    arg [-lgcc] ==> lib [gcc]
    arg [--as-needed] ==> ignore
    arg [-lgcc_s] ==> lib [gcc_s]
    arg [--no-as-needed] ==> ignore
    arg [/usr/lib/gcc/x86_64-unknown-linux-gnu/5.3.0/crtend.o] ==> ignore
    arg [/usr/lib/gcc/x86_64-unknown-linux-gnu/5.3.0/../../../../lib/crtn.o] ==> ignore
  remove lib [gcc]
  remove lib [gcc_s]
  remove lib [gcc]
  remove lib [gcc_s]
  collapse library dir [/usr/lib/gcc/x86_64-unknown-linux-gnu/5.3.0] ==> [/usr/lib/gcc/x86_64-unknown-linux-gnu/5.3.0]
  collapse library dir [/usr/lib/gcc/x86_64-unknown-linux-gnu/5.3.0/../../../../lib] ==> [/usr/lib]
  collapse library dir [/lib/../lib] ==> [/lib]
  collapse library dir [/usr/lib/../lib] ==> [/usr/lib]
  collapse library dir [/opt/intel/composerxe/compiler/lib/intel64] ==> [/opt/intel/composerxe/compiler/lib/intel64]
  collapse library dir [/opt/intel/composerxe/ipp/../compiler/lib/intel64] ==> [/opt/intel/composerxe/compiler/lib/intel64]
  collapse library dir [/opt/intel/composerxe/ipp/lib/intel64] ==> [/opt/intel/composerxe/ipp/lib/intel64]
  collapse library dir [/opt/intel/composerxe/compiler/lib/intel64] ==> [/opt/intel/composerxe/compiler/lib/intel64]
  collapse library dir [/opt/intel/composerxe/mkl/lib/intel64] ==> [/opt/intel/composerxe/mkl/lib/intel64]
  collapse library dir [/opt/intel/composerxe/tbb/lib/intel64/gcc4.1] ==> [/opt/intel/composerxe/tbb/lib/intel64/gcc4.1]
  collapse library dir [/usr/lib/gcc/x86_64-unknown-linux-gnu/5.3.0/../../..] ==> [/usr/lib]
  implicit libs: [c]
  implicit dirs: [/usr/lib/gcc/x86_64-unknown-linux-gnu/5.3.0;/usr/lib;/lib;/opt/intel/composerxe/compiler/lib/intel64;/opt/intel/composerxe/ipp/lib/intel64;/opt/intel/composerxe/mkl/lib/intel64;/opt/intel/composerxe/tbb/lib/intel64/gcc4.1]
  implicit fwks: []




Detecting C [-std=c11] compiler features compiled with the following output:
Change Dir: /home/supe4781/programmiersprachen-blatt-1/build/CMakeFiles/CMakeTmp

Run Build Command:"/usr/bin/make" "cmTC_68ce5/fast"
/usr/bin/make -f CMakeFiles/cmTC_68ce5.dir/build.make CMakeFiles/cmTC_68ce5.dir/build
make[1]: Verzeichnis „/home/supe4781/programmiersprachen-blatt-1/build/CMakeFiles/CMakeTmp“ wird betreten
Building C object CMakeFiles/cmTC_68ce5.dir/feature_tests.c.o
/usr/bin/cc    -std=c11 -o CMakeFiles/cmTC_68ce5.dir/feature_tests.c.o   -c /home/supe4781/programmiersprachen-blatt-1/build/CMakeFiles/feature_tests.c
Linking C executable cmTC_68ce5
/usr/bin/cmake -E cmake_link_script CMakeFiles/cmTC_68ce5.dir/link.txt --verbose=1
/usr/bin/cc       CMakeFiles/cmTC_68ce5.dir/feature_tests.c.o  -o cmTC_68ce5 -rdynamic 
make[1]: Verzeichnis „/home/supe4781/programmiersprachen-blatt-1/build/CMakeFiles/CMakeTmp“ wird verlassen


    Feature record: C_FEATURE:1c_function_prototypes
    Feature record: C_FEATURE:1c_restrict
    Feature record: C_FEATURE:1c_static_assert
    Feature record: C_FEATURE:1c_variadic_macros


Detecting C [-std=c99] compiler features compiled with the following output:
Change Dir: /home/supe4781/programmiersprachen-blatt-1/build/CMakeFiles/CMakeTmp

Run Build Command:"/usr/bin/make" "cmTC_a8033/fast"
/usr/bin/make -f CMakeFiles/cmTC_a8033.dir/build.make CMakeFiles/cmTC_a8033.dir/build
make[1]: Verzeichnis „/home/supe4781/programmiersprachen-blatt-1/build/CMakeFiles/CMakeTmp“ wird betreten
Building C object CMakeFiles/cmTC_a8033.dir/feature_tests.c.o
/usr/bin/cc    -std=c99 -o CMakeFiles/cmTC_a8033.dir/feature_tests.c.o   -c /home/supe4781/programmiersprachen-blatt-1/build/CMakeFiles/feature_tests.c
Linking C executable cmTC_a8033
/usr/bin/cmake -E cmake_link_script CMakeFiles/cmTC_a8033.dir/link.txt --verbose=1
/usr/bin/cc       CMakeFiles/cmTC_a8033.dir/feature_tests.c.o  -o cmTC_a8033 -rdynamic 
make[1]: Verzeichnis „/home/supe4781/programmiersprachen-blatt-1/build/CMakeFiles/CMakeTmp“ wird verlassen


    Feature record: C_FEATURE:1c_function_prototypes
    Feature record: C_FEATURE:1c_restrict
    Feature record: C_FEATURE:0c_static_assert
    Feature record: C_FEATURE:1c_variadic_macros


Detecting C [-std=c90] compiler features compiled with the following output:
Change Dir: /home/supe4781/programmiersprachen-blatt-1/build/CMakeFiles/CMakeTmp

Run Build Command:"/usr/bin/make" "cmTC_4dbe4/fast"
/usr/bin/make -f CMakeFiles/cmTC_4dbe4.dir/build.make CMakeFiles/cmTC_4dbe4.dir/build
make[1]: Verzeichnis „/home/supe4781/programmiersprachen-blatt-1/build/CMakeFiles/CMakeTmp“ wird betreten
Building C object CMakeFiles/cmTC_4dbe4.dir/feature_tests.c.o
/usr/bin/cc    -std=c90 -o CMakeFiles/cmTC_4dbe4.dir/feature_tests.c.o   -c /home/supe4781/programmiersprachen-blatt-1/build/CMakeFiles/feature_tests.c
Linking C executable cmTC_4dbe4
/usr/bin/cmake -E cmake_link_script CMakeFiles/cmTC_4dbe4.dir/link.txt --verbose=1
/usr/bin/cc       CMakeFiles/cmTC_4dbe4.dir/feature_tests.c.o  -o cmTC_4dbe4 -rdynamic 
make[1]: Verzeichnis „/home/supe4781/programmiersprachen-blatt-1/build/CMakeFiles/CMakeTmp“ wird verlassen


    Feature record: C_FEATURE:1c_function_prototypes
    Feature record: C_FEATURE:0c_restrict
    Feature record: C_FEATURE:0c_static_assert
    Feature record: C_FEATURE:0c_variadic_macros
Determining if the CXX compiler works passed with the following output:
Change Dir: /home/supe4781/programmiersprachen-blatt-1/build/CMakeFiles/CMakeTmp

Run Build Command:"/usr/bin/make" "cmTC_16735/fast"
/usr/bin/make -f CMakeFiles/cmTC_16735.dir/build.make CMakeFiles/cmTC_16735.dir/build
make[1]: Verzeichnis „/home/supe4781/programmiersprachen-blatt-1/build/CMakeFiles/CMakeTmp“ wird betreten
Building CXX object CMakeFiles/cmTC_16735.dir/testCXXCompiler.cxx.o
/usr/bin/c++      -o CMakeFiles/cmTC_16735.dir/testCXXCompiler.cxx.o -c /home/supe4781/programmiersprachen-blatt-1/build/CMakeFiles/CMakeTmp/testCXXCompiler.cxx
Linking CXX executable cmTC_16735
/usr/bin/cmake -E cmake_link_script CMakeFiles/cmTC_16735.dir/link.txt --verbose=1
/usr/bin/c++        CMakeFiles/cmTC_16735.dir/testCXXCompiler.cxx.o  -o cmTC_16735 -rdynamic 
make[1]: Verzeichnis „/home/supe4781/programmiersprachen-blatt-1/build/CMakeFiles/CMakeTmp“ wird verlassen


Detecting CXX compiler ABI info compiled with the following output:
Change Dir: /home/supe4781/programmiersprachen-blatt-1/build/CMakeFiles/CMakeTmp

Run Build Command:"/usr/bin/make" "cmTC_797f6/fast"
/usr/bin/make -f CMakeFiles/cmTC_797f6.dir/build.make CMakeFiles/cmTC_797f6.dir/build
make[1]: Verzeichnis „/home/supe4781/programmiersprachen-blatt-1/build/CMakeFiles/CMakeTmp“ wird betreten
Building CXX object CMakeFiles/cmTC_797f6.dir/CMakeCXXCompilerABI.cpp.o
/usr/bin/c++      -o CMakeFiles/cmTC_797f6.dir/CMakeCXXCompilerABI.cpp.o -c /usr/share/cmake-3.4/Modules/CMakeCXXCompilerABI.cpp
Linking CXX executable cmTC_797f6
/usr/bin/cmake -E cmake_link_script CMakeFiles/cmTC_797f6.dir/link.txt --verbose=1
/usr/bin/c++       -v CMakeFiles/cmTC_797f6.dir/CMakeCXXCompilerABI.cpp.o  -o cmTC_797f6 -rdynamic  
Es werden eingebaute Spezifikationen verwendet.
COLLECT_GCC=/usr/bin/c++
COLLECT_LTO_WRAPPER=/usr/lib/gcc/x86_64-unknown-linux-gnu/5.3.0/lto-wrapper
Ziel: x86_64-unknown-linux-gnu
Konfiguriert mit: /build/gcc/src/gcc-5.3.0/configure --prefix=/usr --libdir=/usr/lib --libexecdir=/usr/lib --mandir=/usr/share/man --infodir=/usr/share/info --with-bugurl=https://bugs.archlinux.org/ --enable-languages=c,c++,ada,fortran,go,lto,objc,obj-c++ --enable-shared --enable-threads=posix --enable-libmpx --with-system-zlib --with-isl --enable-__cxa_atexit --disable-libunwind-exceptions --enable-clocale=gnu --disable-libstdcxx-pch --disable-libssp --enable-gnu-unique-object --enable-linker-build-id --enable-lto --enable-plugin --enable-install-libiberty --with-linker-hash-style=gnu --enable-gnu-indirect-function --disable-multilib --disable-werror --enable-checking=release
Thread-Modell: posix
gcc-Version 5.3.0 (GCC) 
COMPILER_PATH=/usr/lib/gcc/x86_64-unknown-linux-gnu/5.3.0/:/usr/lib/gcc/x86_64-unknown-linux-gnu/5.3.0/:/usr/lib/gcc/x86_64-unknown-linux-gnu/:/usr/lib/gcc/x86_64-unknown-linux-gnu/5.3.0/:/usr/lib/gcc/x86_64-unknown-linux-gnu/
LIBRARY_PATH=/usr/lib/gcc/x86_64-unknown-linux-gnu/5.3.0/:/usr/lib/gcc/x86_64-unknown-linux-gnu/5.3.0/../../../../lib/:/lib/../lib/:/usr/lib/../lib/:/opt/intel/composerxe/compiler/lib/intel64/:/opt/intel/composerxe/ipp/../compiler/lib/intel64/:/opt/intel/composerxe/ipp/lib/intel64/:/opt/intel/composerxe/compiler/lib/intel64/:/opt/intel/composerxe/mkl/lib/intel64/:/opt/intel/composerxe/tbb/lib/intel64/gcc4.1/:/usr/lib/gcc/x86_64-unknown-linux-gnu/5.3.0/../../../:/lib/:/usr/lib/
COLLECT_GCC_OPTIONS='-v' '-o' 'cmTC_797f6' '-rdynamic' '-shared-libgcc' '-mtune=generic' '-march=x86-64'
 /usr/lib/gcc/x86_64-unknown-linux-gnu/5.3.0/collect2 -plugin /usr/lib/gcc/x86_64-unknown-linux-gnu/5.3.0/liblto_plugin.so -plugin-opt=/usr/lib/gcc/x86_64-unknown-linux-gnu/5.3.0/lto-wrapper -plugin-opt=-fresolution=/tmp/cc7gQsli.res -plugin-opt=-pass-through=-lgcc_s -plugin-opt=-pass-through=-lgcc -plugin-opt=-pass-through=-lc -plugin-opt=-pass-through=-lgcc_s -plugin-opt=-pass-through=-lgcc --build-id --eh-frame-hdr --hash-style=gnu -m elf_x86_64 -export-dynamic -dynamic-linker /lib64/ld-linux-x86-64.so.2 -o cmTC_797f6 /usr/lib/gcc/x86_64-unknown-linux-gnu/5.3.0/../../../../lib/crt1.o /usr/lib/gcc/x86_64-unknown-linux-gnu/5.3.0/../../../../lib/crti.o /usr/lib/gcc/x86_64-unknown-linux-gnu/5.3.0/crtbegin.o -L/usr/lib/gcc/x86_64-unknown-linux-gnu/5.3.0 -L/usr/lib/gcc/x86_64-unknown-linux-gnu/5.3.0/../../../../lib -L/lib/../lib -L/usr/lib/../lib -L/opt/intel/composerxe/compiler/lib/intel64 -L/opt/intel/composerxe/ipp/../compiler/lib/intel64 -L/opt/intel/composerxe/ipp/lib/intel64 -L/opt/intel/composerxe/compiler/lib/intel64 -L/opt/intel/composerxe/mkl/lib/intel64 -L/opt/intel/composerxe/tbb/lib/intel64/gcc4.1 -L/usr/lib/gcc/x86_64-unknown-linux-gnu/5.3.0/../../.. CMakeFiles/cmTC_797f6.dir/CMakeCXXCompilerABI.cpp.o -lstdc++ -lm -lgcc_s -lgcc -lc -lgcc_s -lgcc /usr/lib/gcc/x86_64-unknown-linux-gnu/5.3.0/crtend.o /usr/lib/gcc/x86_64-unknown-linux-gnu/5.3.0/../../../../lib/crtn.o
make[1]: Verzeichnis „/home/supe4781/programmiersprachen-blatt-1/build/CMakeFiles/CMakeTmp“ wird verlassen


Parsed CXX implicit link information from above output:
  link line regex: [^( *|.*[/\])(ld|([^/\]+-)?ld|collect2)[^/\]*( |$)]
  ignore line: [Change Dir: /home/supe4781/programmiersprachen-blatt-1/build/CMakeFiles/CMakeTmp]
  ignore line: []
  ignore line: [Run Build Command:"/usr/bin/make" "cmTC_797f6/fast"]
  ignore line: [/usr/bin/make -f CMakeFiles/cmTC_797f6.dir/build.make CMakeFiles/cmTC_797f6.dir/build]
  ignore line: [make[1]: Verzeichnis „/home/supe4781/programmiersprachen-blatt-1/build/CMakeFiles/CMakeTmp“ wird betreten]
  ignore line: [Building CXX object CMakeFiles/cmTC_797f6.dir/CMakeCXXCompilerABI.cpp.o]
  ignore line: [/usr/bin/c++      -o CMakeFiles/cmTC_797f6.dir/CMakeCXXCompilerABI.cpp.o -c /usr/share/cmake-3.4/Modules/CMakeCXXCompilerABI.cpp]
  ignore line: [Linking CXX executable cmTC_797f6]
  ignore line: [/usr/bin/cmake -E cmake_link_script CMakeFiles/cmTC_797f6.dir/link.txt --verbose=1]
  ignore line: [/usr/bin/c++       -v CMakeFiles/cmTC_797f6.dir/CMakeCXXCompilerABI.cpp.o  -o cmTC_797f6 -rdynamic  ]
  ignore line: [Es werden eingebaute Spezifikationen verwendet.]
  ignore line: [COLLECT_GCC=/usr/bin/c++]
  ignore line: [COLLECT_LTO_WRAPPER=/usr/lib/gcc/x86_64-unknown-linux-gnu/5.3.0/lto-wrapper]
  ignore line: [Ziel: x86_64-unknown-linux-gnu]
  ignore line: [Konfiguriert mit: /build/gcc/src/gcc-5.3.0/configure --prefix=/usr --libdir=/usr/lib --libexecdir=/usr/lib --mandir=/usr/share/man --infodir=/usr/share/info --with-bugurl=https://bugs.archlinux.org/ --enable-languages=c,c++,ada,fortran,go,lto,objc,obj-c++ --enable-shared --enable-threads=posix --enable-libmpx --with-system-zlib --with-isl --enable-__cxa_atexit --disable-libunwind-exceptions --enable-clocale=gnu --disable-libstdcxx-pch --disable-libssp --enable-gnu-unique-object --enable-linker-build-id --enable-lto --enable-plugin --enable-install-libiberty --with-linker-hash-style=gnu --enable-gnu-indirect-function --disable-multilib --disable-werror --enable-checking=release]
  ignore line: [Thread-Modell: posix]
  ignore line: [gcc-Version 5.3.0 (GCC) ]
  ignore line: [COMPILER_PATH=/usr/lib/gcc/x86_64-unknown-linux-gnu/5.3.0/:/usr/lib/gcc/x86_64-unknown-linux-gnu/5.3.0/:/usr/lib/gcc/x86_64-unknown-linux-gnu/:/usr/lib/gcc/x86_64-unknown-linux-gnu/5.3.0/:/usr/lib/gcc/x86_64-unknown-linux-gnu/]
  ignore line: [LIBRARY_PATH=/usr/lib/gcc/x86_64-unknown-linux-gnu/5.3.0/:/usr/lib/gcc/x86_64-unknown-linux-gnu/5.3.0/../../../../lib/:/lib/../lib/:/usr/lib/../lib/:/opt/intel/composerxe/compiler/lib/intel64/:/opt/intel/composerxe/ipp/../compiler/lib/intel64/:/opt/intel/composerxe/ipp/lib/intel64/:/opt/intel/composerxe/compiler/lib/intel64/:/opt/intel/composerxe/mkl/lib/intel64/:/opt/intel/composerxe/tbb/lib/intel64/gcc4.1/:/usr/lib/gcc/x86_64-unknown-linux-gnu/5.3.0/../../../:/lib/:/usr/lib/]
  ignore line: [COLLECT_GCC_OPTIONS='-v' '-o' 'cmTC_797f6' '-rdynamic' '-shared-libgcc' '-mtune=generic' '-march=x86-64']
  link line: [ /usr/lib/gcc/x86_64-unknown-linux-gnu/5.3.0/collect2 -plugin /usr/lib/gcc/x86_64-unknown-linux-gnu/5.3.0/liblto_plugin.so -plugin-opt=/usr/lib/gcc/x86_64-unknown-linux-gnu/5.3.0/lto-wrapper -plugin-opt=-fresolution=/tmp/cc7gQsli.res -plugin-opt=-pass-through=-lgcc_s -plugin-opt=-pass-through=-lgcc -plugin-opt=-pass-through=-lc -plugin-opt=-pass-through=-lgcc_s -plugin-opt=-pass-through=-lgcc --build-id --eh-frame-hdr --hash-style=gnu -m elf_x86_64 -export-dynamic -dynamic-linker /lib64/ld-linux-x86-64.so.2 -o cmTC_797f6 /usr/lib/gcc/x86_64-unknown-linux-gnu/5.3.0/../../../../lib/crt1.o /usr/lib/gcc/x86_64-unknown-linux-gnu/5.3.0/../../../../lib/crti.o /usr/lib/gcc/x86_64-unknown-linux-gnu/5.3.0/crtbegin.o -L/usr/lib/gcc/x86_64-unknown-linux-gnu/5.3.0 -L/usr/lib/gcc/x86_64-unknown-linux-gnu/5.3.0/../../../../lib -L/lib/../lib -L/usr/lib/../lib -L/opt/intel/composerxe/compiler/lib/intel64 -L/opt/intel/composerxe/ipp/../compiler/lib/intel64 -L/opt/intel/composerxe/ipp/lib/intel64 -L/opt/intel/composerxe/compiler/lib/intel64 -L/opt/intel/composerxe/mkl/lib/intel64 -L/opt/intel/composerxe/tbb/lib/intel64/gcc4.1 -L/usr/lib/gcc/x86_64-unknown-linux-gnu/5.3.0/../../.. CMakeFiles/cmTC_797f6.dir/CMakeCXXCompilerABI.cpp.o -lstdc++ -lm -lgcc_s -lgcc -lc -lgcc_s -lgcc /usr/lib/gcc/x86_64-unknown-linux-gnu/5.3.0/crtend.o /usr/lib/gcc/x86_64-unknown-linux-gnu/5.3.0/../../../../lib/crtn.o]
    arg [/usr/lib/gcc/x86_64-unknown-linux-gnu/5.3.0/collect2] ==> ignore
    arg [-plugin] ==> ignore
    arg [/usr/lib/gcc/x86_64-unknown-linux-gnu/5.3.0/liblto_plugin.so] ==> ignore
    arg [-plugin-opt=/usr/lib/gcc/x86_64-unknown-linux-gnu/5.3.0/lto-wrapper] ==> ignore
    arg [-plugin-opt=-fresolution=/tmp/cc7gQsli.res] ==> ignore
    arg [-plugin-opt=-pass-through=-lgcc_s] ==> ignore
    arg [-plugin-opt=-pass-through=-lgcc] ==> ignore
    arg [-plugin-opt=-pass-through=-lc] ==> ignore
    arg [-plugin-opt=-pass-through=-lgcc_s] ==> ignore
    arg [-plugin-opt=-pass-through=-lgcc] ==> ignore
    arg [--build-id] ==> ignore
    arg [--eh-frame-hdr] ==> ignore
    arg [--hash-style=gnu] ==> ignore
    arg [-m] ==> ignore
    arg [elf_x86_64] ==> ignore
    arg [-export-dynamic] ==> ignore
    arg [-dynamic-linker] ==> ignore
    arg [/lib64/ld-linux-x86-64.so.2] ==> ignore
    arg [-o] ==> ignore
    arg [cmTC_797f6] ==> ignore
    arg [/usr/lib/gcc/x86_64-unknown-linux-gnu/5.3.0/../../../../lib/crt1.o] ==> ignore
    arg [/usr/lib/gcc/x86_64-unknown-linux-gnu/5.3.0/../../../../lib/crti.o] ==> ignore
    arg [/usr/lib/gcc/x86_64-unknown-linux-gnu/5.3.0/crtbegin.o] ==> ignore
    arg [-L/usr/lib/gcc/x86_64-unknown-linux-gnu/5.3.0] ==> dir [/usr/lib/gcc/x86_64-unknown-linux-gnu/5.3.0]
    arg [-L/usr/lib/gcc/x86_64-unknown-linux-gnu/5.3.0/../../../../lib] ==> dir [/usr/lib/gcc/x86_64-unknown-linux-gnu/5.3.0/../../../../lib]
    arg [-L/lib/../lib] ==> dir [/lib/../lib]
    arg [-L/usr/lib/../lib] ==> dir [/usr/lib/../lib]
    arg [-L/opt/intel/composerxe/compiler/lib/intel64] ==> dir [/opt/intel/composerxe/compiler/lib/intel64]
    arg [-L/opt/intel/composerxe/ipp/../compiler/lib/intel64] ==> dir [/opt/intel/composerxe/ipp/../compiler/lib/intel64]
    arg [-L/opt/intel/composerxe/ipp/lib/intel64] ==> dir [/opt/intel/composerxe/ipp/lib/intel64]
    arg [-L/opt/intel/composerxe/compiler/lib/intel64] ==> dir [/opt/intel/composerxe/compiler/lib/intel64]
    arg [-L/opt/intel/composerxe/mkl/lib/intel64] ==> dir [/opt/intel/composerxe/mkl/lib/intel64]
    arg [-L/opt/intel/composerxe/tbb/lib/intel64/gcc4.1] ==> dir [/opt/intel/composerxe/tbb/lib/intel64/gcc4.1]
    arg [-L/usr/lib/gcc/x86_64-unknown-linux-gnu/5.3.0/../../..] ==> dir [/usr/lib/gcc/x86_64-unknown-linux-gnu/5.3.0/../../..]
    arg [CMakeFiles/cmTC_797f6.dir/CMakeCXXCompilerABI.cpp.o] ==> ignore
    arg [-lstdc++] ==> lib [stdc++]
    arg [-lm] ==> lib [m]
    arg [-lgcc_s] ==> lib [gcc_s]
    arg [-lgcc] ==> lib [gcc]
    arg [-lc] ==> lib [c]
    arg [-lgcc_s] ==> lib [gcc_s]
    arg [-lgcc] ==> lib [gcc]
    arg [/usr/lib/gcc/x86_64-unknown-linux-gnu/5.3.0/crtend.o] ==> ignore
    arg [/usr/lib/gcc/x86_64-unknown-linux-gnu/5.3.0/../../../../lib/crtn.o] ==> ignore
  remove lib [gcc_s]
  remove lib [gcc]
  remove lib [gcc_s]
  remove lib [gcc]
  collapse library dir [/usr/lib/gcc/x86_64-unknown-linux-gnu/5.3.0] ==> [/usr/lib/gcc/x86_64-unknown-linux-gnu/5.3.0]
  collapse library dir [/usr/lib/gcc/x86_64-unknown-linux-gnu/5.3.0/../../../../lib] ==> [/usr/lib]
  collapse library dir [/lib/../lib] ==> [/lib]
  collapse library dir [/usr/lib/../lib] ==> [/usr/lib]
  collapse library dir [/opt/intel/composerxe/compiler/lib/intel64] ==> [/opt/intel/composerxe/compiler/lib/intel64]
  collapse library dir [/opt/intel/composerxe/ipp/../compiler/lib/intel64] ==> [/opt/intel/composerxe/compiler/lib/intel64]
  collapse library dir [/opt/intel/composerxe/ipp/lib/intel64] ==> [/opt/intel/composerxe/ipp/lib/intel64]
  collapse library dir [/opt/intel/composerxe/compiler/lib/intel64] ==> [/opt/intel/composerxe/compiler/lib/intel64]
  collapse library dir [/opt/intel/composerxe/mkl/lib/intel64] ==> [/opt/intel/composerxe/mkl/lib/intel64]
  collapse library dir [/opt/intel/composerxe/tbb/lib/intel64/gcc4.1] ==> [/opt/intel/composerxe/tbb/lib/intel64/gcc4.1]
  collapse library dir [/usr/lib/gcc/x86_64-unknown-linux-gnu/5.3.0/../../..] ==> [/usr/lib]
  implicit libs: [stdc++;m;c]
  implicit dirs: [/usr/lib/gcc/x86_64-unknown-linux-gnu/5.3.0;/usr/lib;/lib;/opt/intel/composerxe/compiler/lib/intel64;/opt/intel/composerxe/ipp/lib/intel64;/opt/intel/composerxe/mkl/lib/intel64;/opt/intel/composerxe/tbb/lib/intel64/gcc4.1]
  implicit fwks: []




Detecting CXX [-std=c++14] compiler features compiled with the following output:
Change Dir: /home/supe4781/programmiersprachen-blatt-1/build/CMakeFiles/CMakeTmp

Run Build Command:"/usr/bin/make" "cmTC_738bd/fast"
/usr/bin/make -f CMakeFiles/cmTC_738bd.dir/build.make CMakeFiles/cmTC_738bd.dir/build
make[1]: Verzeichnis „/home/supe4781/programmiersprachen-blatt-1/build/CMakeFiles/CMakeTmp“ wird betreten
Building CXX object CMakeFiles/cmTC_738bd.dir/feature_tests.cxx.o
/usr/bin/c++     -std=c++14 -o CMakeFiles/cmTC_738bd.dir/feature_tests.cxx.o -c /home/supe4781/programmiersprachen-blatt-1/build/CMakeFiles/feature_tests.cxx
Linking CXX executable cmTC_738bd
/usr/bin/cmake -E cmake_link_script CMakeFiles/cmTC_738bd.dir/link.txt --verbose=1
/usr/bin/c++        CMakeFiles/cmTC_738bd.dir/feature_tests.cxx.o  -o cmTC_738bd -rdynamic 
make[1]: Verzeichnis „/home/supe4781/programmiersprachen-blatt-1/build/CMakeFiles/CMakeTmp“ wird verlassen


    Feature record: CXX_FEATURE:1cxx_aggregate_default_initializers
    Feature record: CXX_FEATURE:1cxx_alias_templates
    Feature record: CXX_FEATURE:1cxx_alignas
    Feature record: CXX_FEATURE:1cxx_alignof
    Feature record: CXX_FEATURE:1cxx_attributes
    Feature record: CXX_FEATURE:1cxx_attribute_deprecated
    Feature record: CXX_FEATURE:1cxx_auto_type
    Feature record: CXX_FEATURE:1cxx_binary_literals
    Feature record: CXX_FEATURE:1cxx_constexpr
    Feature record: CXX_FEATURE:1cxx_contextual_conversions
    Feature record: CXX_FEATURE:1cxx_decltype
    Feature record: CXX_FEATURE:1cxx_decltype_auto
    Feature record: CXX_FEATURE:1cxx_decltype_incomplete_return_types
    Feature record: CXX_FEATURE:1cxx_default_function_template_args
    Feature record: CXX_FEATURE:1cxx_defaulted_functions
    Feature record: CXX_FEATURE:1cxx_defaulted_move_initializers
    Feature record: CXX_FEATURE:1cxx_delegating_constructors
    Feature record: CXX_FEATURE:1cxx_deleted_functions
    Feature record: CXX_FEATURE:1cxx_digit_separators
    Feature record: CXX_FEATURE:1cxx_enum_forward_declarations
    Feature record: CXX_FEATURE:1cxx_explicit_conversions
    Feature record: CXX_FEATURE:1cxx_extended_friend_declarations
    Feature record: CXX_FEATURE:1cxx_extern_templates
    Feature record: CXX_FEATURE:1cxx_final
    Feature record: CXX_FEATURE:1cxx_func_identifier
    Feature record: CXX_FEATURE:1cxx_generalized_initializers
    Feature record: CXX_FEATURE:1cxx_generic_lambdas
    Feature record: CXX_FEATURE:1cxx_inheriting_constructors
    Feature record: CXX_FEATURE:1cxx_inline_namespaces
    Feature record: CXX_FEATURE:1cxx_lambdas
    Feature record: CXX_FEATURE:1cxx_lambda_init_captures
    Feature record: CXX_FEATURE:1cxx_local_type_template_args
    Feature record: CXX_FEATURE:1cxx_long_long_type
    Feature record: CXX_FEATURE:1cxx_noexcept
    Feature record: CXX_FEATURE:1cxx_nonstatic_member_init
    Feature record: CXX_FEATURE:1cxx_nullptr
    Feature record: CXX_FEATURE:1cxx_override
    Feature record: CXX_FEATURE:1cxx_range_for
    Feature record: CXX_FEATURE:1cxx_raw_string_literals
    Feature record: CXX_FEATURE:1cxx_reference_qualified_functions
    Feature record: CXX_FEATURE:1cxx_relaxed_constexpr
    Feature record: CXX_FEATURE:1cxx_return_type_deduction
    Feature record: CXX_FEATURE:1cxx_right_angle_brackets
    Feature record: CXX_FEATURE:1cxx_rvalue_references
    Feature record: CXX_FEATURE:1cxx_sizeof_member
    Feature record: CXX_FEATURE:1cxx_static_assert
    Feature record: CXX_FEATURE:1cxx_strong_enums
    Feature record: CXX_FEATURE:1cxx_template_template_parameters
    Feature record: CXX_FEATURE:1cxx_thread_local
    Feature record: CXX_FEATURE:1cxx_trailing_return_types
    Feature record: CXX_FEATURE:1cxx_unicode_literals
    Feature record: CXX_FEATURE:1cxx_uniform_initialization
    Feature record: CXX_FEATURE:1cxx_unrestricted_unions
    Feature record: CXX_FEATURE:1cxx_user_literals
    Feature record: CXX_FEATURE:1cxx_variable_templates
    Feature record: CXX_FEATURE:1cxx_variadic_macros
    Feature record: CXX_FEATURE:1cxx_variadic_templates


Detecting CXX [-std=c++11] compiler features compiled with the following output:
Change Dir: /home/supe4781/programmiersprachen-blatt-1/build/CMakeFiles/CMakeTmp

Run Build Command:"/usr/bin/make" "cmTC_3b527/fast"
/usr/bin/make -f CMakeFiles/cmTC_3b527.dir/build.make CMakeFiles/cmTC_3b527.dir/build
make[1]: Verzeichnis „/home/supe4781/programmiersprachen-blatt-1/build/CMakeFiles/CMakeTmp“ wird betreten
Building CXX object CMakeFiles/cmTC_3b527.dir/feature_tests.cxx.o
/usr/bin/c++     -std=c++11 -o CMakeFiles/cmTC_3b527.dir/feature_tests.cxx.o -c /home/supe4781/programmiersprachen-blatt-1/build/CMakeFiles/feature_tests.cxx
Linking CXX executable cmTC_3b527
/usr/bin/cmake -E cmake_link_script CMakeFiles/cmTC_3b527.dir/link.txt --verbose=1
/usr/bin/c++        CMakeFiles/cmTC_3b527.dir/feature_tests.cxx.o  -o cmTC_3b527 -rdynamic 
make[1]: Verzeichnis „/home/supe4781/programmiersprachen-blatt-1/build/CMakeFiles/CMakeTmp“ wird verlassen


    Feature record: CXX_FEATURE:0cxx_aggregate_default_initializers
    Feature record: CXX_FEATURE:1cxx_alias_templates
    Feature record: CXX_FEATURE:1cxx_alignas
    Feature record: CXX_FEATURE:1cxx_alignof
    Feature record: CXX_FEATURE:1cxx_attributes
    Feature record: CXX_FEATURE:0cxx_attribute_deprecated
    Feature record: CXX_FEATURE:1cxx_auto_type
    Feature record: CXX_FEATURE:0cxx_binary_literals
    Feature record: CXX_FEATURE:1cxx_constexpr
    Feature record: CXX_FEATURE:0cxx_contextual_conversions
    Feature record: CXX_FEATURE:1cxx_decltype
    Feature record: CXX_FEATURE:0cxx_decltype_auto
    Feature record: CXX_FEATURE:1cxx_decltype_incomplete_return_types
    Feature record: CXX_FEATURE:1cxx_default_function_template_args
    Feature record: CXX_FEATURE:1cxx_defaulted_functions
    Feature record: CXX_FEATURE:1cxx_defaulted_move_initializers
    Feature record: CXX_FEATURE:1cxx_delegating_constructors
    Feature record: CXX_FEATURE:1cxx_deleted_functions
    Feature record: CXX_FEATURE:0cxx_digit_separators
    Feature record: CXX_FEATURE:1cxx_enum_forward_declarations
    Feature record: CXX_FEATURE:1cxx_explicit_conversions
    Feature record: CXX_FEATURE:1cxx_extended_friend_declarations
    Feature record: CXX_FEATURE:1cxx_extern_templates
    Feature record: CXX_FEATURE:1cxx_final
    Feature record: CXX_FEATURE:1cxx_func_identifier
    Feature record: CXX_FEATURE:1cxx_generalized_initializers
    Feature record: CXX_FEATURE:0cxx_generic_lambdas
    Feature record: CXX_FEATURE:1cxx_inheriting_constructors
    Feature record: CXX_FEATURE:1cxx_inline_namespaces
    Feature record: CXX_FEATURE:1cxx_lambdas
    Feature record: CXX_FEATURE:0cxx_lambda_init_captures
    Feature record: CXX_FEATURE:1cxx_local_type_template_args
    Feature record: CXX_FEATURE:1cxx_long_long_type
    Feature record: CXX_FEATURE:1cxx_noexcept
    Feature record: CXX_FEATURE:1cxx_nonstatic_member_init
    Feature record: CXX_FEATURE:1cxx_nullptr
    Feature record: CXX_FEATURE:1cxx_override
    Feature record: CXX_FEATURE:1cxx_range_for
    Feature record: CXX_FEATURE:1cxx_raw_string_literals
    Feature record: CXX_FEATURE:1cxx_reference_qualified_functions
    Feature record: CXX_FEATURE:0cxx_relaxed_constexpr
    Feature record: CXX_FEATURE:0cxx_return_type_deduction
    Feature record: CXX_FEATURE:1cxx_right_angle_brackets
    Feature record: CXX_FEATURE:1cxx_rvalue_references
    Feature record: CXX_FEATURE:1cxx_sizeof_member
    Feature record: CXX_FEATURE:1cxx_static_assert
    Feature record: CXX_FEATURE:1cxx_strong_enums
    Feature record: CXX_FEATURE:1cxx_template_template_parameters
    Feature record: CXX_FEATURE:1cxx_thread_local
    Feature record: CXX_FEATURE:1cxx_trailing_return_types
    Feature record: CXX_FEATURE:1cxx_unicode_literals
    Feature record: CXX_FEATURE:1cxx_uniform_initialization
    Feature record: CXX_FEATURE:1cxx_unrestricted_unions
    Feature record: CXX_FEATURE:1cxx_user_literals
    Feature record: CXX_FEATURE:0cxx_variable_templates
    Feature record: CXX_FEATURE:1cxx_variadic_macros
    Feature record: CXX_FEATURE:1cxx_variadic_templates


Detecting CXX [-std=c++98] compiler features compiled with the following output:
Change Dir: /home/supe4781/programmiersprachen-blatt-1/build/CMakeFiles/CMakeTmp

Run Build Command:"/usr/bin/make" "cmTC_38018/fast"
/usr/bin/make -f CMakeFiles/cmTC_38018.dir/build.make CMakeFiles/cmTC_38018.dir/build
make[1]: Verzeichnis „/home/supe4781/programmiersprachen-blatt-1/build/CMakeFiles/CMakeTmp“ wird betreten
Building CXX object CMakeFiles/cmTC_38018.dir/feature_tests.cxx.o
/usr/bin/c++     -std=c++98 -o CMakeFiles/cmTC_38018.dir/feature_tests.cxx.o -c /home/supe4781/programmiersprachen-blatt-1/build/CMakeFiles/feature_tests.cxx
Linking CXX executable cmTC_38018
/usr/bin/cmake -E cmake_link_script CMakeFiles/cmTC_38018.dir/link.txt --verbose=1
/usr/bin/c++        CMakeFiles/cmTC_38018.dir/feature_tests.cxx.o  -o cmTC_38018 -rdynamic 
make[1]: Verzeichnis „/home/supe4781/programmiersprachen-blatt-1/build/CMakeFiles/CMakeTmp“ wird verlassen


    Feature record: CXX_FEATURE:0cxx_aggregate_default_initializers
    Feature record: CXX_FEATURE:0cxx_alias_templates
    Feature record: CXX_FEATURE:0cxx_alignas
    Feature record: CXX_FEATURE:0cxx_alignof
    Feature record: CXX_FEATURE:0cxx_attributes
    Feature record: CXX_FEATURE:0cxx_attribute_deprecated
    Feature record: CXX_FEATURE:0cxx_auto_type
    Feature record: CXX_FEATURE:0cxx_binary_literals
    Feature record: CXX_FEATURE:0cxx_constexpr
    Feature record: CXX_FEATURE:0cxx_contextual_conversions
    Feature record: CXX_FEATURE:0cxx_decltype
    Feature record: CXX_FEATURE:0cxx_decltype_auto
    Feature record: CXX_FEATURE:0cxx_decltype_incomplete_return_types
    Feature record: CXX_FEATURE:0cxx_default_function_template_args
    Feature record: CXX_FEATURE:0cxx_defaulted_functions
    Feature record: CXX_FEATURE:0cxx_defaulted_move_initializers
    Feature record: CXX_FEATURE:0cxx_delegating_constructors
    Feature record: CXX_FEATURE:0cxx_deleted_functions
    Feature record: CXX_FEATURE:0cxx_digit_separators
    Feature record: CXX_FEATURE:0cxx_enum_forward_declarations
    Feature record: CXX_FEATURE:0cxx_explicit_conversions
    Feature record: CXX_FEATURE:0cxx_extended_friend_declarations
    Feature record: CXX_FEATURE:0cxx_extern_templates
    Feature record: CXX_FEATURE:0cxx_final
    Feature record: CXX_FEATURE:0cxx_func_identifier
    Feature record: CXX_FEATURE:0cxx_generalized_initializers
    Feature record: CXX_FEATURE:0cxx_generic_lambdas
    Feature record: CXX_FEATURE:0cxx_inheriting_constructors
    Feature record: CXX_FEATURE:0cxx_inline_namespaces
    Feature record: CXX_FEATURE:0cxx_lambdas
    Feature record: CXX_FEATURE:0cxx_lambda_init_captures
    Feature record: CXX_FEATURE:0cxx_local_type_template_args
    Feature record: CXX_FEATURE:0cxx_long_long_type
    Feature record: CXX_FEATURE:0cxx_noexcept
    Feature record: CXX_FEATURE:0cxx_nonstatic_member_init
    Feature record: CXX_FEATURE:0cxx_nullptr
    Feature record: CXX_FEATURE:0cxx_override
    Feature record: CXX_FEATURE:0cxx_range_for
    Feature record: CXX_FEATURE:0cxx_raw_string_literals
    Feature record: CXX_FEATURE:0cxx_reference_qualified_functions
    Feature record: CXX_FEATURE:0cxx_relaxed_constexpr
    Feature record: CXX_FEATURE:0cxx_return_type_deduction
    Feature record: CXX_FEATURE:0cxx_right_angle_brackets
    Feature record: CXX_FEATURE:0cxx_rvalue_references
    Feature record: CXX_FEATURE:0cxx_sizeof_member
    Feature record: CXX_FEATURE:0cxx_static_assert
    Feature record: CXX_FEATURE:0cxx_strong_enums
    Feature record: CXX_FEATURE:1cxx_template_template_parameters
    Feature record: CXX_FEATURE:0cxx_thread_local
    Feature record: CXX_FEATURE:0cxx_trailing_return_types
    Feature record: CXX_FEATURE:0cxx_unicode_literals
    Feature record: CXX_FEATURE:0cxx_uniform_initialization
    Feature record: CXX_FEATURE:0cxx_unrestricted_unions
    Feature record: CXX_FEATURE:0cxx_user_literals
    Feature record: CXX_FEATURE:0cxx_variable_templates
    Feature record: CXX_FEATURE:0cxx_variadic_macros
    Feature record: CXX_FEATURE:0cxx_variadic_templates
